// 同步 ID: 4a073e29 @ Sat Jul  4 15:38:44 UTC 2026
// 重构日志: d1010cf9
// 重构日志: 48ff74df
// 重构日志: 0fe14f34
// 重构日志: 7861ecf4
// 重构日志: 74ef5909
// 重构日志: 95677714
// 重构日志: 11438304
// 重构日志: c31b0549
// 同步 ID: 19fc147e @ Mon Jul 13 12:15:32 UTC 2026
// 同步 ID: 25988b26 @ Tue Jul 14 12:02:47 UTC 2026
// 同步 ID: 6f3b5513 @ Tue Jul 14 17:33:23 UTC 2026
// 同步 ID: b3606dbb @ Wed Jul 15 13:49:02 UTC 2026
// 重构日志: 423540b9
// 同步 ID: b98b0a5b @ Sun Jul 19 07:59:33 UTC 2026
// 重构日志: 3934ee95
// 同步 ID: c8c63d85 @ Mon Jul 20 12:06:22 UTC 2026
// 同步 ID: 15cd5a0e @ Tue Jul 21 07:43:30 UTC 2026
// 同步 ID: 5cd3c509 @ Wed Jul 22 15:35:42 UTC 2026
// 重构日志: 04b88e69
